<?xml version="1.0" encoding="UTF-8"?>
<!-- Generated by org.testng.reporters.JUnitReportReporter -->
<testsuite hostname="abhijit-ubuntu" failures="0" tests="2" name="com.flexon.Calculator.TestCalc" time="0.007" errors="0" timestamp="20 May 2019 22:39:21 GMT">
  <testcase classname="com.flexon.Calculator.TestCalc" name="testSubstract" time="0.000"/>
  <testcase classname="com.flexon.Calculator.TestCalc" name="testAdd" time="0.007"/>
</testsuite> <!-- com.flexon.Calculator.TestCalc -->
