<?xml version="1.0" encoding="UTF-8"?>
<!-- Generated by org.testng.reporters.JUnitReportReporter -->
<testsuite hostname="abhijit-ubuntu" failures="0" tests="1" name="com.flexon.Calculator.AppTest" time="0.001" errors="0" timestamp="20 May 2019 22:39:21 GMT">
  <testcase classname="com.flexon.Calculator.AppTest" name="shouldAnswerWithTrue" time="0.001"/>
</testsuite> <!-- com.flexon.Calculator.AppTest -->
